have_type: checking for DBM in ndbm.h... -------------------- yes

"gcc -std=gnu99 -o conftest -I../../.ext/include/x86_64-linux -I../.././include -I../.././ext/dbm    -O3 -ggdb3 -Wall -Wextra -Wdeprecated-declarations -Wimplicit-function-declaration -Wimplicit-int -Wpointer-arith -Wwrite-strings -Wmissing-noreturn -Wno-cast-function-type -Wno-constant-logical-operand -Wno-long-long -Wno-missing-field-initializers -Wno-overlength-strings -Wno-packed-bitfield-compat -Wno-parentheses-equality -Wno-self-assign -Wno-tautological-compare -Wno-unused-parameter -Wno-unused-value -Wsuggest-attribute=format -Wsuggest-attribute=noreturn -Wunused-variable  -fPIC conftest.c  -L. -L../.. -L. -fstack-protector-strong -rdynamic -Wl,-export-dynamic     -Wl,-rpath,/usr/local/rvm/rubies/ruby-3.0.0/lib -L/usr/local/rvm/rubies/ruby-3.0.0/lib -lruby-static -lz -lpthread -lrt -lrt -ldl -lcrypt -lm   -lm   -lc"
checked program was:
/* begin */
1: #include "ruby.h"
2: 
3: int main(int argc, char **argv)
4: {
5:   return !!argv[argc];
6: }
/* end */

"gcc -std=gnu99 -I../../.ext/include/x86_64-linux -I../.././include -I../.././ext/dbm    -O3 -ggdb3 -Wall -Wextra -Wdeprecated-declarations -Wimplicit-function-declaration -Wimplicit-int -Wpointer-arith -Wwrite-strings -Wmissing-noreturn -Wno-cast-function-type -Wno-constant-logical-operand -Wno-long-long -Wno-missing-field-initializers -Wno-overlength-strings -Wno-packed-bitfield-compat -Wno-parentheses-equality -Wno-self-assign -Wno-tautological-compare -Wno-unused-parameter -Wno-unused-value -Wsuggest-attribute=format -Wsuggest-attribute=noreturn -Wunused-variable  -fPIC   -c conftest.c"
checked program was:
/* begin */
1: #include "ruby.h"
2: 
3: #include <ndbm.h>
4: 
5: /*top*/
6: typedef DBM conftest_type;
7: int conftestval[sizeof(conftest_type)?1:-1];
/* end */

--------------------

have_func: checking for dbm_open("", 0, 0) in ndbm.h... -------------------- no

"gcc -std=gnu99 -o conftest -I../../.ext/include/x86_64-linux -I../.././include -I../.././ext/dbm    -O3 -ggdb3 -Wall -Wextra -Wdeprecated-declarations -Wimplicit-function-declaration -Wimplicit-int -Wpointer-arith -Wwrite-strings -Wmissing-noreturn -Wno-cast-function-type -Wno-constant-logical-operand -Wno-long-long -Wno-missing-field-initializers -Wno-overlength-strings -Wno-packed-bitfield-compat -Wno-parentheses-equality -Wno-self-assign -Wno-tautological-compare -Wno-unused-parameter -Wno-unused-value -Wsuggest-attribute=format -Wsuggest-attribute=noreturn -Wunused-variable  -fPIC conftest.c  -L. -L../.. -L. -fstack-protector-strong -rdynamic -Wl,-export-dynamic     -Wl,-rpath,/usr/local/rvm/rubies/ruby-3.0.0/lib -L/usr/local/rvm/rubies/ruby-3.0.0/lib -lruby-static -lz -lpthread -lrt -lrt -ldl -lcrypt -lm   -lm   -lc"
conftest.c: In function ‘t’:
conftest.c:17:1: warning: passing argument 1 of ‘dbm_open’ discards ‘const’ qualifier from pointer target type [enabled by default]
 int t(void) { dbm_open("", 0, 0); return 0; }
 ^
In file included from conftest.c:3:0:
/usr/include/ndbm.h:55:14: note: expected ‘char *’ but argument is of type ‘const char *’
 extern DBM  *dbm_open (char *file, int flags, int mode);
              ^
conftest.c: At top level:
cc1: warning: unrecognized command line option "-Wno-tautological-compare" [enabled by default]
cc1: warning: unrecognized command line option "-Wno-self-assign" [enabled by default]
cc1: warning: unrecognized command line option "-Wno-parentheses-equality" [enabled by default]
cc1: warning: unrecognized command line option "-Wno-constant-logical-operand" [enabled by default]
cc1: warning: unrecognized command line option "-Wno-cast-function-type" [enabled by default]
/tmp/ccLSjEzB.o: In function `t':
/usr/local/rvm/src/ruby-3.0.0/ext/dbm/conftest.c:17: undefined reference to `dbm_open'
collect2: error: ld returned 1 exit status
checked program was:
/* begin */
 1: #include "ruby.h"
 2: 
 3: #include <ndbm.h>
 4: 
 5: /*top*/
 6: extern int t(void);
 7: int main(int argc, char **argv)
 8: {
 9:   if (argc > 1000000) {
10:     int (* volatile tp)(void)=(int (*)(void))&t;
11:     printf("%d", (*tp)());
12:   }
13: 
14:   return !!argv[argc];
15: }
16: 
17: int t(void) { dbm_open("", 0, 0); return 0; }
/* end */

--------------------

have_type: checking for DBM in db.h with -DDB_DBM_HSEARCH... -------------------- yes

"gcc -std=gnu99 -I../../.ext/include/x86_64-linux -I../.././include -I../.././ext/dbm    -O3 -ggdb3 -Wall -Wextra -Wdeprecated-declarations -Wimplicit-function-declaration -Wimplicit-int -Wpointer-arith -Wwrite-strings -Wmissing-noreturn -Wno-cast-function-type -Wno-constant-logical-operand -Wno-long-long -Wno-missing-field-initializers -Wno-overlength-strings -Wno-packed-bitfield-compat -Wno-parentheses-equality -Wno-self-assign -Wno-tautological-compare -Wno-unused-parameter -Wno-unused-value -Wsuggest-attribute=format -Wsuggest-attribute=noreturn -Wunused-variable  -fPIC  -DDB_DBM_HSEARCH -c conftest.c"
checked program was:
/* begin */
1: #include "ruby.h"
2: 
3: #include <db.h>
4: 
5: /*top*/
6: typedef DBM conftest_type;
7: int conftestval[sizeof(conftest_type)?1:-1];
/* end */

--------------------

have_library: checking for dbm_open("", 0, 0) in -ldb with -DDB_DBM_HSEARCH... -------------------- yes

"gcc -std=gnu99 -o conftest -I../../.ext/include/x86_64-linux -I../.././include -I../.././ext/dbm    -O3 -ggdb3 -Wall -Wextra -Wdeprecated-declarations -Wimplicit-function-declaration -Wimplicit-int -Wpointer-arith -Wwrite-strings -Wmissing-noreturn -Wno-cast-function-type -Wno-constant-logical-operand -Wno-long-long -Wno-missing-field-initializers -Wno-overlength-strings -Wno-packed-bitfield-compat -Wno-parentheses-equality -Wno-self-assign -Wno-tautological-compare -Wno-unused-parameter -Wno-unused-value -Wsuggest-attribute=format -Wsuggest-attribute=noreturn -Wunused-variable  -fPIC conftest.c  -L. -L../.. -L. -fstack-protector-strong -rdynamic -Wl,-export-dynamic     -Wl,-rpath,/usr/local/rvm/rubies/ruby-3.0.0/lib -L/usr/local/rvm/rubies/ruby-3.0.0/lib -lruby-static -lz -lpthread -lrt -lrt -ldl -lcrypt -lm  -DDB_DBM_HSEARCH -ldb  -lm   -lc"
checked program was:
/* begin */
 1: #include "ruby.h"
 2: 
 3: #include <db.h>
 4: 
 5: /*top*/
 6: extern int t(void);
 7: int main(int argc, char **argv)
 8: {
 9:   if (argc > 1000000) {
10:     int (* volatile tp)(void)=(int (*)(void))&t;
11:     printf("%d", (*tp)());
12:   }
13: 
14:   return !!argv[argc];
15: }
16: 
17: int t(void) { dbm_open("", 0, 0); return 0; }
/* end */

--------------------

have_func: checking for dbm_clearerr((DBM *)0) in db.h with -DDB_DBM_HSEARCH... -------------------- yes

"gcc -std=gnu99 -o conftest -I../../.ext/include/x86_64-linux -I../.././include -I../.././ext/dbm    -O3 -ggdb3 -Wall -Wextra -Wdeprecated-declarations -Wimplicit-function-declaration -Wimplicit-int -Wpointer-arith -Wwrite-strings -Wmissing-noreturn -Wno-cast-function-type -Wno-constant-logical-operand -Wno-long-long -Wno-missing-field-initializers -Wno-overlength-strings -Wno-packed-bitfield-compat -Wno-parentheses-equality -Wno-self-assign -Wno-tautological-compare -Wno-unused-parameter -Wno-unused-value -Wsuggest-attribute=format -Wsuggest-attribute=noreturn -Wunused-variable  -fPIC conftest.c  -L. -L../.. -L. -fstack-protector-strong -rdynamic -Wl,-export-dynamic    -ldb  -Wl,-rpath,/usr/local/rvm/rubies/ruby-3.0.0/lib -L/usr/local/rvm/rubies/ruby-3.0.0/lib -lruby-static -lz -lpthread -lrt -lrt -ldl -lcrypt -lm  -DDB_DBM_HSEARCH -ldb  -lm   -lc"
checked program was:
/* begin */
 1: #include "ruby.h"
 2: 
 3: #include <db.h>
 4: 
 5: /*top*/
 6: extern int t(void);
 7: int main(int argc, char **argv)
 8: {
 9:   if (argc > 1000000) {
10:     int (* volatile tp)(void)=(int (*)(void))&t;
11:     printf("%d", (*tp)());
12:   }
13: 
14:   return !!argv[argc];
15: }
16: 
17: int t(void) { dbm_clearerr((DBM *)0); return 0; }
/* end */

--------------------

have_macro: checking for DBM_SUFFIX in db.h with -DDB_DBM_HSEARCH... -------------------- yes

"gcc -std=gnu99 -I../../.ext/include/x86_64-linux -I../.././include -I../.././ext/dbm    -O3 -ggdb3 -Wall -Wextra -Wdeprecated-declarations -Wimplicit-function-declaration -Wimplicit-int -Wpointer-arith -Wwrite-strings -Wmissing-noreturn -Wno-cast-function-type -Wno-constant-logical-operand -Wno-long-long -Wno-missing-field-initializers -Wno-overlength-strings -Wno-packed-bitfield-compat -Wno-parentheses-equality -Wno-self-assign -Wno-tautological-compare -Wno-unused-parameter -Wno-unused-value -Wsuggest-attribute=format -Wsuggest-attribute=noreturn -Wunused-variable  -fPIC  -DDB_DBM_HSEARCH -c conftest.c"
checked program was:
/* begin */
1: #include "ruby.h"
2: 
3: #include <db.h>
4: /*top*/
5: #ifndef DBM_SUFFIX
6: # error
7: |:/ === DBM_SUFFIX undefined === /:|
8: #endif
/* end */

--------------------

have_empty_macro_dbm_clearerr: checking for empty macro of dbm_clearerr(foobarbaz) in db.h with -DDB_DBM_HSEARCH... -------------------- no

"gcc -std=gnu99 -I../../.ext/include/x86_64-linux -I../.././include -I../.././ext/dbm    -O3 -ggdb3 -Wall -Wextra -Wdeprecated-declarations -Wimplicit-function-declaration -Wimplicit-int -Wpointer-arith -Wwrite-strings -Wmissing-noreturn -Wno-cast-function-type -Wno-constant-logical-operand -Wno-long-long -Wno-missing-field-initializers -Wno-overlength-strings -Wno-packed-bitfield-compat -Wno-parentheses-equality -Wno-self-assign -Wno-tautological-compare -Wno-unused-parameter -Wno-unused-value -Wsuggest-attribute=format -Wsuggest-attribute=noreturn -Wunused-variable  -fPIC  -DDB_DBM_HSEARCH -c conftest.c"
In file included from conftest.c:3:0:
conftest.c: In function ‘__db_ndbm_clearerr’:
conftest.c:6:1: error: argument ‘foobarbaz’ doesn’t match prototype
 dbm_clearerr(foobarbaz)
 ^
/usr/include/db.h:3082:6: error: prototype declaration
 int  __db_ndbm_clearerr __P((DBM *));
      ^
conftest.c:6:1: error: expected ‘{’ at end of input
 dbm_clearerr(foobarbaz)
 ^
conftest.c:6:1: warning: control reaches end of non-void function [-Wreturn-type]
 dbm_clearerr(foobarbaz)
 ^
conftest.c: At top level:
cc1: warning: unrecognized command line option "-Wno-tautological-compare" [enabled by default]
cc1: warning: unrecognized command line option "-Wno-self-assign" [enabled by default]
cc1: warning: unrecognized command line option "-Wno-parentheses-equality" [enabled by default]
cc1: warning: unrecognized command line option "-Wno-constant-logical-operand" [enabled by default]
cc1: warning: unrecognized command line option "-Wno-cast-function-type" [enabled by default]
checked program was:
/* begin */
1: #include "ruby.h"
2: 
3: #include <db.h>
4: 
5: /*top*/
6: dbm_clearerr(foobarbaz)
/* end */

--------------------

have_macro: checking for _GDBM_H_ in db.h with -DDB_DBM_HSEARCH... -------------------- no

"gcc -std=gnu99 -I../../.ext/include/x86_64-linux -I../.././include -I../.././ext/dbm    -O3 -ggdb3 -Wall -Wextra -Wdeprecated-declarations -Wimplicit-function-declaration -Wimplicit-int -Wpointer-arith -Wwrite-strings -Wmissing-noreturn -Wno-cast-function-type -Wno-constant-logical-operand -Wno-long-long -Wno-missing-field-initializers -Wno-overlength-strings -Wno-packed-bitfield-compat -Wno-parentheses-equality -Wno-self-assign -Wno-tautological-compare -Wno-unused-parameter -Wno-unused-value -Wsuggest-attribute=format -Wsuggest-attribute=noreturn -Wunused-variable  -fPIC  -DDB_DBM_HSEARCH -c conftest.c"
conftest.c:6:3: error: #error 
 # error
   ^
conftest.c:7:1: error: expected identifier or ‘(’ before ‘|’ token
 |:/ === _GDBM_H_ undefined === /:|
 ^
cc1: warning: unrecognized command line option "-Wno-tautological-compare" [enabled by default]
cc1: warning: unrecognized command line option "-Wno-self-assign" [enabled by default]
cc1: warning: unrecognized command line option "-Wno-parentheses-equality" [enabled by default]
cc1: warning: unrecognized command line option "-Wno-constant-logical-operand" [enabled by default]
cc1: warning: unrecognized command line option "-Wno-cast-function-type" [enabled by default]
checked program was:
/* begin */
1: #include "ruby.h"
2: 
3: #include <db.h>
4: /*top*/
5: #ifndef _GDBM_H_
6: # error
7: |:/ === _GDBM_H_ undefined === /:|
8: #endif
/* end */

--------------------

have_macro: checking for _DBM_IOERR in db.h with -DDB_DBM_HSEARCH... -------------------- no

"gcc -std=gnu99 -I../../.ext/include/x86_64-linux -I../.././include -I../.././ext/dbm    -O3 -ggdb3 -Wall -Wextra -Wdeprecated-declarations -Wimplicit-function-declaration -Wimplicit-int -Wpointer-arith -Wwrite-strings -Wmissing-noreturn -Wno-cast-function-type -Wno-constant-logical-operand -Wno-long-long -Wno-missing-field-initializers -Wno-overlength-strings -Wno-packed-bitfield-compat -Wno-parentheses-equality -Wno-self-assign -Wno-tautological-compare -Wno-unused-parameter -Wno-unused-value -Wsuggest-attribute=format -Wsuggest-attribute=noreturn -Wunused-variable  -fPIC  -DDB_DBM_HSEARCH -c conftest.c"
conftest.c:6:3: error: #error 
 # error
   ^
conftest.c:7:1: error: expected identifier or ‘(’ before ‘|’ token
 |:/ === _DBM_IOERR undefined === /:|
 ^
cc1: warning: unrecognized command line option "-Wno-tautological-compare" [enabled by default]
cc1: warning: unrecognized command line option "-Wno-self-assign" [enabled by default]
cc1: warning: unrecognized command line option "-Wno-parentheses-equality" [enabled by default]
cc1: warning: unrecognized command line option "-Wno-constant-logical-operand" [enabled by default]
cc1: warning: unrecognized command line option "-Wno-cast-function-type" [enabled by default]
checked program was:
/* begin */
1: #include "ruby.h"
2: 
3: #include <db.h>
4: /*top*/
5: #ifndef _DBM_IOERR
6: # error
7: |:/ === _DBM_IOERR undefined === /:|
8: #endif
/* end */

--------------------

have_func: checking for db_version((int *)0, (int *)0, (int *)0) in db.h with -DDB_DBM_HSEARCH... -------------------- yes

"gcc -std=gnu99 -o conftest -I../../.ext/include/x86_64-linux -I../.././include -I../.././ext/dbm    -O3 -ggdb3 -Wall -Wextra -Wdeprecated-declarations -Wimplicit-function-declaration -Wimplicit-int -Wpointer-arith -Wwrite-strings -Wmissing-noreturn -Wno-cast-function-type -Wno-constant-logical-operand -Wno-long-long -Wno-missing-field-initializers -Wno-overlength-strings -Wno-packed-bitfield-compat -Wno-parentheses-equality -Wno-self-assign -Wno-tautological-compare -Wno-unused-parameter -Wno-unused-value -Wsuggest-attribute=format -Wsuggest-attribute=noreturn -Wunused-variable  -fPIC conftest.c  -L. -L../.. -L. -fstack-protector-strong -rdynamic -Wl,-export-dynamic    -ldb  -Wl,-rpath,/usr/local/rvm/rubies/ruby-3.0.0/lib -L/usr/local/rvm/rubies/ruby-3.0.0/lib -lruby-static -lz -lpthread -lrt -lrt -ldl -lcrypt -lm  -DDB_DBM_HSEARCH -ldb  -lm   -lc"
checked program was:
/* begin */
 1: #include "ruby.h"
 2: 
 3: #include <db.h>
 4: 
 5: /*top*/
 6: extern int t(void);
 7: int main(int argc, char **argv)
 8: {
 9:   if (argc > 1000000) {
10:     int (* volatile tp)(void)=(int (*)(void))&t;
11:     printf("%d", (*tp)());
12:   }
13: 
14:   return !!argv[argc];
15: }
16: 
17: int t(void) { db_version((int *)0, (int *)0, (int *)0); return 0; }
/* end */

--------------------

have_declared_libvar: checking for gdbm_version in db.h with -DDB_DBM_HSEARCH... -------------------- no

"gcc -std=gnu99 -o conftest -I../../.ext/include/x86_64-linux -I../.././include -I../.././ext/dbm    -O3 -ggdb3 -Wall -Wextra -Wdeprecated-declarations -Wimplicit-function-declaration -Wimplicit-int -Wpointer-arith -Wwrite-strings -Wmissing-noreturn -Wno-cast-function-type -Wno-constant-logical-operand -Wno-long-long -Wno-missing-field-initializers -Wno-overlength-strings -Wno-packed-bitfield-compat -Wno-parentheses-equality -Wno-self-assign -Wno-tautological-compare -Wno-unused-parameter -Wno-unused-value -Wsuggest-attribute=format -Wsuggest-attribute=noreturn -Wunused-variable  -fPIC conftest.c  -L. -L../.. -L. -fstack-protector-strong -rdynamic -Wl,-export-dynamic    -ldb  -Wl,-rpath,/usr/local/rvm/rubies/ruby-3.0.0/lib -L/usr/local/rvm/rubies/ruby-3.0.0/lib -lruby-static -lz -lpthread -lrt -lrt -ldl -lcrypt -lm  -DDB_DBM_HSEARCH -lm   -lc"
conftest.c: In function ‘main’:
conftest.c:7:25: error: ‘gdbm_version’ undeclared (first use in this function)
   void *conftest_var = &gdbm_version;
                         ^
conftest.c:7:25: note: each undeclared identifier is reported only once for each function it appears in
conftest.c:7:9: warning: unused variable ‘conftest_var’ [-Wunused-variable]
   void *conftest_var = &gdbm_version;
         ^
conftest.c: At top level:
cc1: warning: unrecognized command line option "-Wno-tautological-compare" [enabled by default]
cc1: warning: unrecognized command line option "-Wno-self-assign" [enabled by default]
cc1: warning: unrecognized command line option "-Wno-parentheses-equality" [enabled by default]
cc1: warning: unrecognized command line option "-Wno-constant-logical-operand" [enabled by default]
cc1: warning: unrecognized command line option "-Wno-cast-function-type" [enabled by default]
checked program was:
/* begin */
1: #include "ruby.h"
2: 
3: #include <db.h>
4: 
5: /*top*/
6: int main(int argc, char *argv[]) {
7:   void *conftest_var = &gdbm_version;
8:   return 0;
9: }
/* end */

--------------------

have_undeclared_libvar: checking for gdbm_version char * in db.h with -DDB_DBM_HSEARCH... -------------------- yes

"gcc -std=gnu99 -o conftest -I../../.ext/include/x86_64-linux -I../.././include -I../.././ext/dbm    -O3 -ggdb3 -Wall -Wextra -Wdeprecated-declarations -Wimplicit-function-declaration -Wimplicit-int -Wpointer-arith -Wwrite-strings -Wmissing-noreturn -Wno-cast-function-type -Wno-constant-logical-operand -Wno-long-long -Wno-missing-field-initializers -Wno-overlength-strings -Wno-packed-bitfield-compat -Wno-parentheses-equality -Wno-self-assign -Wno-tautological-compare -Wno-unused-parameter -Wno-unused-value -Wsuggest-attribute=format -Wsuggest-attribute=noreturn -Wunused-variable  -fPIC conftest.c  -L. -L../.. -L. -fstack-protector-strong -rdynamic -Wl,-export-dynamic    -ldb  -Wl,-rpath,/usr/local/rvm/rubies/ruby-3.0.0/lib -L/usr/local/rvm/rubies/ruby-3.0.0/lib -lruby-static -lz -lpthread -lrt -lrt -ldl -lcrypt -lm  -DDB_DBM_HSEARCH -lm   -lc"
conftest.c: In function ‘main’:
conftest.c:9:18: warning: unused variable ‘conftest_var’ [-Wunused-variable]
   conftest_type *conftest_var = &gdbm_version;
                  ^
conftest.c: At top level:
cc1: warning: unrecognized command line option "-Wno-tautological-compare" [enabled by default]
cc1: warning: unrecognized command line option "-Wno-self-assign" [enabled by default]
cc1: warning: unrecognized command line option "-Wno-parentheses-equality" [enabled by default]
cc1: warning: unrecognized command line option "-Wno-constant-logical-operand" [enabled by default]
cc1: warning: unrecognized command line option "-Wno-cast-function-type" [enabled by default]
checked program was:
/* begin */
 1: #include "ruby.h"
 2: 
 3: #include <db.h>
 4: 
 5: /*top*/
 6: int main(int argc, char *argv[]) {
 7:   typedef char * conftest_type;
 8:   extern conftest_type gdbm_version;
 9:   conftest_type *conftest_var = &gdbm_version;
10:   return 0;
11: }
/* end */

--------------------

have_var: checking for dpversion in db.h with -DDB_DBM_HSEARCH... -------------------- no

"gcc -std=gnu99 -I../../.ext/include/x86_64-linux -I../.././include -I../.././ext/dbm    -O3 -ggdb3 -Wall -Wextra -Wdeprecated-declarations -Wimplicit-function-declaration -Wimplicit-int -Wpointer-arith -Wwrite-strings -Wmissing-noreturn -Wno-cast-function-type -Wno-constant-logical-operand -Wno-long-long -Wno-missing-field-initializers -Wno-overlength-strings -Wno-packed-bitfield-compat -Wno-parentheses-equality -Wno-self-assign -Wno-tautological-compare -Wno-unused-parameter -Wno-unused-value -Wsuggest-attribute=format -Wsuggest-attribute=noreturn -Wunused-variable  -fPIC  -DDB_DBM_HSEARCH -c conftest.c"
conftest.c: In function ‘t’:
conftest.c:16:55: error: ‘dpversion’ undeclared (first use in this function)
 int t(void) { const volatile void *volatile p; p = &(&dpversion)[0]; return !p; }
                                                       ^
conftest.c:16:55: note: each undeclared identifier is reported only once for each function it appears in
conftest.c: At top level:
cc1: warning: unrecognized command line option "-Wno-tautological-compare" [enabled by default]
cc1: warning: unrecognized command line option "-Wno-self-assign" [enabled by default]
cc1: warning: unrecognized command line option "-Wno-parentheses-equality" [enabled by default]
cc1: warning: unrecognized command line option "-Wno-constant-logical-operand" [enabled by default]
cc1: warning: unrecognized command line option "-Wno-cast-function-type" [enabled by default]
checked program was:
/* begin */
 1: #include "ruby.h"
 2: 
 3: #include <db.h>
 4: 
 5: /*top*/
 6: extern int t(void);
 7: int main(int argc, char **argv)
 8: {
 9:   if (argc > 1000000) {
10:     int (* volatile tp)(void)=(int (*)(void))&t;
11:     printf("%d", (*tp)());
12:   }
13: 
14:   return !!argv[argc];
15: }
16: int t(void) { const volatile void *volatile p; p = &(&dpversion)[0]; return !p; }
/* end */

--------------------

have_type: checking for DBC in db.h with -DDB_DBM_HSEARCH... -------------------- yes

"gcc -std=gnu99 -I../../.ext/include/x86_64-linux -I../.././include -I../.././ext/dbm    -O3 -ggdb3 -Wall -Wextra -Wdeprecated-declarations -Wimplicit-function-declaration -Wimplicit-int -Wpointer-arith -Wwrite-strings -Wmissing-noreturn -Wno-cast-function-type -Wno-constant-logical-operand -Wno-long-long -Wno-missing-field-initializers -Wno-overlength-strings -Wno-packed-bitfield-compat -Wno-parentheses-equality -Wno-self-assign -Wno-tautological-compare -Wno-unused-parameter -Wno-unused-value -Wsuggest-attribute=format -Wsuggest-attribute=noreturn -Wunused-variable  -fPIC  -DDB_DBM_HSEARCH -c conftest.c"
checked program was:
/* begin */
1: #include "ruby.h"
2: 
3: #include <db.h>
4: 
5: /*top*/
6: typedef DBC conftest_type;
7: int conftestval[sizeof(conftest_type)?1:-1];
/* end */

--------------------

have_header: checking for cdefs.h... -------------------- no

"gcc -std=gnu99 -E -I../../.ext/include/x86_64-linux -I../.././include -I../.././ext/dbm    -O3 -ggdb3 -Wall -Wextra -Wdeprecated-declarations -Wimplicit-function-declaration -Wimplicit-int -Wpointer-arith -Wwrite-strings -Wmissing-noreturn -Wno-cast-function-type -Wno-constant-logical-operand -Wno-long-long -Wno-missing-field-initializers -Wno-overlength-strings -Wno-packed-bitfield-compat -Wno-parentheses-equality -Wno-self-assign -Wno-tautological-compare -Wno-unused-parameter -Wno-unused-value -Wsuggest-attribute=format -Wsuggest-attribute=noreturn -Wunused-variable  -fPIC  conftest.c -o conftest.i"
conftest.c:3:19: fatal error: cdefs.h: No such file or directory
 #include <cdefs.h>
                   ^
compilation terminated.
checked program was:
/* begin */
1: #include "ruby.h"
2: 
3: #include <cdefs.h>
/* end */

--------------------

have_header: checking for sys/cdefs.h... -------------------- yes

"gcc -std=gnu99 -E -I../../.ext/include/x86_64-linux -I../.././include -I../.././ext/dbm    -O3 -ggdb3 -Wall -Wextra -Wdeprecated-declarations -Wimplicit-function-declaration -Wimplicit-int -Wpointer-arith -Wwrite-strings -Wmissing-noreturn -Wno-cast-function-type -Wno-constant-logical-operand -Wno-long-long -Wno-missing-field-initializers -Wno-overlength-strings -Wno-packed-bitfield-compat -Wno-parentheses-equality -Wno-self-assign -Wno-tautological-compare -Wno-unused-parameter -Wno-unused-value -Wsuggest-attribute=format -Wsuggest-attribute=noreturn -Wunused-variable  -fPIC  conftest.c -o conftest.i"
checked program was:
/* begin */
1: #include "ruby.h"
2: 
3: #include <sys/cdefs.h>
/* end */

--------------------

have_func: checking for dbm_pagfno((DBM *)0) in db.h with -DDB_DBM_HSEARCH... -------------------- yes

"gcc -std=gnu99 -o conftest -I../../.ext/include/x86_64-linux -I../.././include -I../.././ext/dbm    -O3 -ggdb3 -Wall -Wextra -Wdeprecated-declarations -Wimplicit-function-declaration -Wimplicit-int -Wpointer-arith -Wwrite-strings -Wmissing-noreturn -Wno-cast-function-type -Wno-constant-logical-operand -Wno-long-long -Wno-missing-field-initializers -Wno-overlength-strings -Wno-packed-bitfield-compat -Wno-parentheses-equality -Wno-self-assign -Wno-tautological-compare -Wno-unused-parameter -Wno-unused-value -Wsuggest-attribute=format -Wsuggest-attribute=noreturn -Wunused-variable  -fPIC conftest.c  -L. -L../.. -L. -fstack-protector-strong -rdynamic -Wl,-export-dynamic    -ldb  -Wl,-rpath,/usr/local/rvm/rubies/ruby-3.0.0/lib -L/usr/local/rvm/rubies/ruby-3.0.0/lib -lruby-static -lz -lpthread -lrt -lrt -ldl -lcrypt -lm  -DDB_DBM_HSEARCH -ldb  -lm   -lc"
checked program was:
/* begin */
 1: #include "ruby.h"
 2: 
 3: #include <db.h>
 4: 
 5: /*top*/
 6: extern int t(void);
 7: int main(int argc, char **argv)
 8: {
 9:   if (argc > 1000000) {
10:     int (* volatile tp)(void)=(int (*)(void))&t;
11:     printf("%d", (*tp)());
12:   }
13: 
14:   return !!argv[argc];
15: }
16: 
17: int t(void) { dbm_pagfno((DBM *)0); return 0; }
/* end */

--------------------

have_func: checking for dbm_dirfno((DBM *)0) in db.h with -DDB_DBM_HSEARCH... -------------------- yes

"gcc -std=gnu99 -o conftest -I../../.ext/include/x86_64-linux -I../.././include -I../.././ext/dbm    -O3 -ggdb3 -Wall -Wextra -Wdeprecated-declarations -Wimplicit-function-declaration -Wimplicit-int -Wpointer-arith -Wwrite-strings -Wmissing-noreturn -Wno-cast-function-type -Wno-constant-logical-operand -Wno-long-long -Wno-missing-field-initializers -Wno-overlength-strings -Wno-packed-bitfield-compat -Wno-parentheses-equality -Wno-self-assign -Wno-tautological-compare -Wno-unused-parameter -Wno-unused-value -Wsuggest-attribute=format -Wsuggest-attribute=noreturn -Wunused-variable  -fPIC conftest.c  -L. -L../.. -L. -fstack-protector-strong -rdynamic -Wl,-export-dynamic    -ldb  -Wl,-rpath,/usr/local/rvm/rubies/ruby-3.0.0/lib -L/usr/local/rvm/rubies/ruby-3.0.0/lib -lruby-static -lz -lpthread -lrt -lrt -ldl -lcrypt -lm  -DDB_DBM_HSEARCH -ldb  -lm   -lc"
checked program was:
/* begin */
 1: #include "ruby.h"
 2: 
 3: #include <db.h>
 4: 
 5: /*top*/
 6: extern int t(void);
 7: int main(int argc, char **argv)
 8: {
 9:   if (argc > 1000000) {
10:     int (* volatile tp)(void)=(int (*)(void))&t;
11:     printf("%d", (*tp)());
12:   }
13: 
14:   return !!argv[argc];
15: }
16: 
17: int t(void) { dbm_dirfno((DBM *)0); return 0; }
/* end */

--------------------

convertible_int: checking for convertible type of datum.dsize... -------------------- int

"gcc -std=gnu99 -I../../.ext/include/x86_64-linux -I../.././include -I../.././ext/dbm    -O3 -ggdb3 -Wall -Wextra -Wdeprecated-declarations -Wimplicit-function-declaration -Wimplicit-int -Wpointer-arith -Wwrite-strings -Wmissing-noreturn -Wno-cast-function-type -Wno-constant-logical-operand -Wno-long-long -Wno-missing-field-initializers -Wno-overlength-strings -Wno-packed-bitfield-compat -Wno-parentheses-equality -Wno-self-assign -Wno-tautological-compare -Wno-unused-parameter -Wno-unused-value -Wsuggest-attribute=format -Wsuggest-attribute=noreturn -Wunused-variable  -fPIC  -DDB_DBM_HSEARCH -c conftest.c"
checked program was:
/* begin */
1: #include "ruby.h"
2: 
3: #include <db.h>
4: typedef datum rbcv_typedef_;
5: static rbcv_typedef_ rbcv_var;
6: /*top*/
7: int conftest_const[(sizeof(rbcv_var.dsize) == sizeof(int)) ? 1 : -1];
/* end */

--------------------

checking for sizeof(DBM) is available... -------------------- yes

"gcc -std=gnu99 -I../../.ext/include/x86_64-linux -I../.././include -I../.././ext/dbm    -O3 -ggdb3 -Wall -Wextra -Wdeprecated-declarations -Wimplicit-function-declaration -Wimplicit-int -Wpointer-arith -Wwrite-strings -Wmissing-noreturn -Wno-cast-function-type -Wno-constant-logical-operand -Wno-long-long -Wno-missing-field-initializers -Wno-overlength-strings -Wno-packed-bitfield-compat -Wno-parentheses-equality -Wno-self-assign -Wno-tautological-compare -Wno-unused-parameter -Wno-unused-value -Wsuggest-attribute=format -Wsuggest-attribute=noreturn -Wunused-variable  -fPIC   -c conftest.c"
conftest.c:9:10: error: #include expects "FILENAME" or <FILENAME>
 #include DBM_HDR
          ^
conftest.c:11:36: error: ‘DBM’ undeclared here (not in a function)
 const int sizeof_DBM = (int)sizeof(DBM);
                                    ^
cc1: warning: unrecognized command line option "-Wno-tautological-compare" [enabled by default]
cc1: warning: unrecognized command line option "-Wno-self-assign" [enabled by default]
cc1: warning: unrecognized command line option "-Wno-parentheses-equality" [enabled by default]
cc1: warning: unrecognized command line option "-Wno-constant-logical-operand" [enabled by default]
cc1: warning: unrecognized command line option "-Wno-cast-function-type" [enabled by default]
checked program was:
/* begin */
 1: #include "ruby.h"
 2: 
 3: #ifdef HAVE_CDEFS_H
 4: # include <cdefs.h>
 5: #endif
 6: #ifdef HAVE_SYS_CDEFS_H
 7: # include <sys/cdefs.h>
 8: #endif
 9: #include DBM_HDR
10: 
11: const int sizeof_DBM = (int)sizeof(DBM);
/* end */

--------------------

extconf.h is:
/* begin */
 1: #ifndef EXTCONF_H
 2: #define EXTCONF_H
 3: #define RUBYDBM_DBM_HEADER "db.h"
 4: #define RUBYDBM_DBM_TYPE "db"
 5: #define HAVE_TYPE_DBM 1
 6: #define HAVE_DBM_CLEARERR 1
 7: #define RUBYDBM_DB_HEADER 1
 8: #define HAVE_DB_VERSION 1
 9: #define HAVE_UNDECLARED_LIBVAR_GDBM_VERSION 1
10: #define HAVE_TYPE_DBC 1
11: #define DB_DBM_HSEARCH 1
12: #define DBM_HDR <db.h>
13: #define HAVE_SYS_CDEFS_H 1
14: #define HAVE_DBM_PAGFNO 1
15: #define HAVE_DBM_DIRFNO 1
16: #define SIZEOF_DATUM_DSIZE SIZEOF_INT
17: #define TYPEOF_DATUM_DSIZE int
18: #define PRI_DATUM_DSIZE_PREFIX PRI_INT_PREFIX
19: #define DATUM_DSIZE2NUM INT2NUM
20: #define NUM2DATUM_DSIZE NUM2INT
21: #define DBM_SIZEOF_DBM 0
22: #endif
/* end */

