[2022-12-03 10:49:55] run_gem_wrappers
run_gem_wrappers () 
{ 
    gem_install gem-wrappers > /dev/null && gem_wrappers_pristine && gem wrappers "$@" || return $?
}
current path: /usr/local/rvm/src/ruby-3.0.0
GEM_HOME=/usr/local/rvm/gems/ruby-3.0.0
PATH=/usr/local/rvm/gems/ruby-3.0.0/bin:/usr/local/rvm/gems/ruby-3.0.0@global/bin:/usr/local/rvm/rubies/ruby-3.0.0/bin:/usr/local/rvm/bin:/usr/local/php/bin:/usr/local/redis/bin:/usr/local/sbin:/usr/local/bin:/usr/sbin:/usr/bin:/usr/local/go/bin::/go/data/bin:/usr/local/ksh:/usr/local/redis/bin:/hexo/node_modules/.bin:/usr/local/jdk/bin:/root/.local/bin:/root/bin
GEM_PATH=/usr/local/rvm/gems/ruby-3.0.0:/usr/local/rvm/gems/ruby-3.0.0@global
command(2): run_gem_wrappers regenerate
++ gem_install gem-wrappers
++ typeset gem_name gem_version version_check
++ gem_version=
++ __rvm_parse_gems_args gem-wrappers
++ typeset gem=gem-wrappers
++ __rvm_string_match gem-wrappers '*.gem$'
++ typeset _string
++ _string=gem-wrappers
++ shift
++ ((  1  ))
++ case "${_string}" in
++ shift
++ ((  0  ))
++ return 1
++ gem_name=gem-wrappers
++ case "$gem" in
++ [[ -z '' ]]
++ __rvm_db gem_gem-wrappers_version gem_version
++ typeset value key variable
++ key=gem_gem-wrappers_version
++ variable=gem_version
++ value=
++ [[ -f /usr/local/rvm/user/db ]]
+++ __rvm_db_ /usr/local/rvm/user/db gem_gem-wrappers_version
+++ typeset __db __key __value
+++ __db=/usr/local/rvm/user/db
+++ __key=gem_gem-wrappers_version
+++ shift 2
+++ __value=
+++ case "${__value}" in
+++ __rvm_db_get /usr/local/rvm/user/db gem_gem-wrappers_version
+++ [[ -f /usr/local/rvm/user/db ]]
+++ __rvm_sed -n -e '\#^gem_gem-wrappers_version=# { s#^gem_gem-wrappers_version=##;; p; }' -e '/^$/d'
+++ sed -n -e '\#^gem_gem-wrappers_version=# { s#^gem_gem-wrappers_version=##;; p; }' -e '/^$/d'
++ value=
++ [[ -z '' ]]
++ [[ -f /usr/local/rvm/config/db ]]
+++ __rvm_db_ /usr/local/rvm/config/db gem_gem-wrappers_version
+++ typeset __db __key __value
+++ __db=/usr/local/rvm/config/db
+++ __key=gem_gem-wrappers_version
+++ shift 2
+++ __value=
+++ case "${__value}" in
+++ __rvm_db_get /usr/local/rvm/config/db gem_gem-wrappers_version
+++ [[ -f /usr/local/rvm/config/db ]]
+++ __rvm_sed -n -e '\#^gem_gem-wrappers_version=# { s#^gem_gem-wrappers_version=##;; p; }' -e '/^$/d'
+++ sed -n -e '\#^gem_gem-wrappers_version=# { s#^gem_gem-wrappers_version=##;; p; }' -e '/^$/d'
++ value='>=1.4.0'
++ [[ -n >=1.4.0 ]]
++ [[ -n gem_version ]]
++ eval 'gem_version='\''>=1.4.0'\'''
+++ gem_version='>=1.4.0'
++ true
++ ((  0 == 0  ))
++ is_gem_installed
++ typeset gem_spec
++ gem_spec='gem '\''gem-wrappers'\'''
++ [[ -n >=1.4.0 ]]
++ gem_spec+=', '\''>=1.4.0'\'''
++ version_check=1.4.0
++ __rvm_ls -ld /usr/local/rvm/gems/ruby-3.0.0/gems/gem-wrappers-1.4.0
++ /usr/local/rvm/rubies/ruby-3.0.0/bin/ruby -rrubygems -e 'gem '\''gem-wrappers'\'', '\''>=1.4.0'\'''
++ rvm_log 'gem gem-wrappers >=1.4.0 is already installed'
++ [[ '' == 1 ]]
++ printf %b 'gem gem-wrappers >=1.4.0 is already installed\n'
++ return 0
++ gem_wrappers_pristine
+++ head -n1
+++ sort -V
++++ gem -v
+++ printf '%s\n' 3.2.0 3.2.3
++ '[' 3.2.0 == 3.2.0 ']'
++ gem pristine gem-wrappers --only-plugins
++ gem wrappers regenerate
