[2022-12-03 10:44:36] __rvm_make
__rvm_make () 
{ 
    \make "$@" || return $?
}
current path: /usr/local/rvm/src/ruby-3.0.0
PATH=/usr/local/php/bin:/usr/local/redis/bin:/usr/local/sbin:/usr/local/bin:/usr/sbin:/usr/bin:/usr/local/go/bin::/go/data/bin:/usr/local/ksh:/usr/local/redis/bin:/hexo/node_modules/.bin:/usr/local/jdk/bin:/root/.local/bin:/root/bin:/usr/local/rvm/bin
command(2): __rvm_make -j2
++ make -j2
	BASERUBY = echo executable host ruby is required.  use --with-baseruby option.; false
	CC = gcc -std=gnu99
	LD = ld
	LDSHARED = gcc -std=gnu99 -shared
	CFLAGS = -O3 -ggdb3 -Wall -Wextra -Wdeprecated-declarations -Wimplicit-function-declaration -Wimplicit-int -Wpointer-arith -Wwrite-strings -Wmissing-noreturn -Wno-cast-function-type -Wno-constant-logical-operand -Wno-long-long -Wno-missing-field-initializers -Wno-overlength-strings -Wno-packed-bitfield-compat -Wno-parentheses-equality -Wno-self-assign -Wno-tautological-compare -Wno-unused-parameter -Wno-unused-value -Wsuggest-attribute=format -Wsuggest-attribute=noreturn -Wunused-variable   -fPIC 
	XCFLAGS = -D_FORTIFY_SOURCE=2 -fstack-protector-strong -fno-strict-overflow -fvisibility=hidden -fexcess-precision=standard -DRUBY_EXPORT -I. -I.ext/include/x86_64-linux -I./include -I. -I./enc/unicode/12.1.0
	CPPFLAGS =   
	DLDFLAGS = -Wl,--compress-debug-sections=zlib -Wl,-soname,libruby.so.3.0  -fstack-protector-strong  
	SOLIBS = -lz -lpthread -lrt -lrt -ldl -lcrypt -lm 
	LANG = en_US.UTF-8
	LC_ALL = 
	LC_CTYPE = 
	MFLAGS = - --jobserver-fds=4,5 -j
gcc (GCC) 4.8.5 20150623 (Red Hat 4.8.5-44)
Copyright (C) 2015 Free Software Foundation, Inc.
This is free software; see the source for copying conditions.  There is NO
warranty; not even for MERCHANTABILITY or FITNESS FOR A PARTICULAR PURPOSE.

compiling ./main.c
compiling dmydln.c
compiling miniinit.c
compiling dmyext.c
translating probes probes.d
compiling ast.c
compiling bignum.c
compiling class.c
compiling compar.c
compiling compile.c
compiling complex.c
compiling cont.c
compiling debug.c
compiling debug_counter.c
compiling dir.c
compiling dln_find.c
compiling encoding.c
compiling enum.c
compiling enumerator.c
compiling error.c
compiling eval.c
compiling file.c
compiling gc.c
compiling hash.c
compiling inits.c
compiling io.c
compiling iseq.c
compiling load.c
load.c: In function ‘require_internal’:
load.c:1010:20: warning: ‘prev_ext_config’ may be used uninitialized in this function [-Wmaybe-uninitialized]
     th->ext_config = *prev;
                    ^
load.c:1038:26: note: ‘prev_ext_config’ was declared here
     struct rb_ext_config prev_ext_config;
                          ^
load.c: At top level:
cc1: warning: unrecognized command line option "-Wno-tautological-compare" [enabled by default]
cc1: warning: unrecognized command line option "-Wno-self-assign" [enabled by default]
cc1: warning: unrecognized command line option "-Wno-parentheses-equality" [enabled by default]
cc1: warning: unrecognized command line option "-Wno-constant-logical-operand" [enabled by default]
cc1: warning: unrecognized command line option "-Wno-cast-function-type" [enabled by default]
compiling marshal.c
compiling math.c
compiling memory_view.c
making mjit_config.h
compiling mjit_compile.c
compiling node.c
compiling numeric.c
compiling object.c
compiling pack.c
compiling parse.c
compiling proc.c
compiling process.c
compiling ractor.c
compiling random.c
compiling range.c
compiling rational.c
compiling re.c
compiling regcomp.c
compiling regenc.c
compiling regerror.c
compiling regexec.c
compiling regparse.c
compiling regsyntax.c
compiling ruby.c
compiling scheduler.c
compiling signal.c
compiling sprintf.c
compiling st.c
compiling strftime.c
compiling string.c
compiling struct.c
compiling symbol.c
compiling thread.c
compiling time.c
compiling transcode.c
compiling transient_heap.c
compiling util.c
compiling variable.c
compiling vm.c
compiling vm_backtrace.c
compiling vm_dump.c
compiling vm_sync.c
compiling vm_trace.c
processing probes in object files
compiling ./missing/explicit_bzero.c
compiling ./missing/setproctitle.c
compiling ./missing/strlcat.c
compiling ./missing/strlcpy.c
compiling addr2line.c
compiling dmyenc.c
compiling dln.c
compiling localeinit.c
config.status: creating ruby-runner.h
compiling array.c
compiling mjit.c
./revision.h unchanged
assembling coroutine/amd64/Context.S
compiling enc/ascii.c
compiling enc/us_ascii.c
compiling enc/unicode.c
compiling enc/utf_8.c
compiling enc/trans/newline.c
compiling version.c
linking miniruby
generating encdb.h
encdb.h updated
builtin_binary.inc updated
generating x86_64-linux-fake.rb
x86_64-linux-fake.rb updated
compiling builtin.c
./tool/ifchange "--timestamp=.rbconfig.time" rbconfig.rb rbconfig.tmp
rbconfig.rb updated
generating enc.mk
creating verconf.h
verconf.h updated
building rb_mjit_header.h
./miniruby -I./lib -I. -I.ext/common  ./tool/mjit_tabs.rb "" \
	gcc -std=gnu99 -E -DMJIT_HEADER -P -dD -O3 -ggdb3 -Wall -Wextra -Wdeprecated-declarations -Wimplicit-function-declaration -Wimplicit-int -Wpointer-arith -Wwrite-strings -Wmissing-noreturn -Wno-cast-function-type -Wno-constant-logical-operand -Wno-long-long -Wno-missing-field-initializers -Wno-overlength-strings -Wno-packed-bitfield-compat -Wno-parentheses-equality -Wno-self-assign -Wno-tautological-compare -Wno-unused-parameter -Wno-unused-value -Wsuggest-attribute=format -Wsuggest-attribute=noreturn -Wunused-variable   -fPIC  -D_FORTIFY_SOURCE=2 -fstack-protector-strong -fno-strict-overflow -fvisibility=hidden -fexcess-precision=standard -DRUBY_EXPORT -I. -I.ext/include/x86_64-linux -I./include -I. -I./enc/unicode/12.1.0    ./vm.c -o rb_mjit_header.h.new
rb_mjit_header.h updated
compiling loadpath.c
building .ext/include/x86_64-linux/rb_mjit_min_header-3.0.0.h
./miniruby -I./lib -I. -I.ext/common  ./tool/transform_mjit_header.rb "gcc -std=gnu99  -O3 -ggdb3 -Wall -Wextra -Wdeprecated-declarations -Wimplicit-function-declaration -Wimplicit-int -Wpointer-arith -Wwrite-strings -Wmissing-noreturn -Wno-cast-function-type -Wno-constant-logical-operand -Wno-long-long -Wno-missing-field-initializers -Wno-overlength-strings -Wno-packed-bitfield-compat -Wno-parentheses-equality -Wno-self-assign -Wno-tautological-compare -Wno-unused-parameter -Wno-unused-value -Wsuggest-attribute=format -Wsuggest-attribute=noreturn -Wunused-variable   -fPIC " rb_mjit_header.h .ext/include/x86_64-linux/rb_mjit_min_header-3.0.0.h
making srcs under enc
make[1]: Entering directory `/usr/local/rvm/src/ruby-3.0.0'
make[1]: Nothing to be done for `srcs'.
make[1]: Leaving directory `/usr/local/rvm/src/ruby-3.0.0'
linking static-library libruby-static.a
generating transdb.h
transdb.h updated
linking shared-library libruby.so.3.0.0
transform_mjit_header: making external definition static inline: rb_vm_lvar_exposed, Init_vm_stack_canary, rb_vm_opt_cfunc_p, rb_find_defined_class_by_owner, rb_vm_rewrite_cref, rb_vm_block_ep_update, rb_vm_cref_new_toplevel, rb_vm_frame_block_handler, rb_vm_cframe_keyword_p, rb_vm_ep_local_ep
transform_mjit_header: making declaration static inline: rb_vm_lvar_exposed, Init_vm_stack_canary, rb_vm_rewrite_cref, rb_vm_frame_block_handler, rb_vm_block_ep_update, rb_vm_ep_local_ep
transform_mjit_header: SKIPPED to transform: __sigdelset, __sigaddset, __sigismember, getlogin_r, pread64, pread, read, __strsep_3c, __strsep_2c, __strsep_1c, __strtok_r_1c, __strpbrk_c3, __strpbrk_c2, __strspn_c3, __strspn_c2, __strspn_c1, __strcspn_c3, __strcspn_c2, __strcspn_c1, fread_unlocked, fgets_unlocked, fread, fgets, vdprintf, dprintf, vfprintf, vprintf, printf, fprintf, getline, putchar_unlocked, putc_unlocked, fputc_unlocked, putchar, getchar_unlocked, getc_unlocked, fgetc_unlocked, getchar
ln -sf ../../../.ext/include/x86_64-linux/rb_mjit_min_header-3.0.0.h include/ruby-3.0.0/x86_64-linux/rb_mjit_min_header-3.0.0.h
making mjit_build_dir.so
generating makefiles ext/configure-ext.mk
making enc
make[1]: Entering directory `/usr/local/rvm/src/ruby-3.0.0'
compiling ./enc/encdb.c
ext/configure-ext.mk updated
making trans
make[1]: Entering directory `/usr/local/rvm/src/ruby-3.0.0'
compiling ./enc/trans/transdb.c
compiling ./enc/trans/big5.c
compiling ./enc/big5.c
compiling ./enc/cesu_8.c
compiling ./enc/cp949.c
compiling ./enc/emacs_mule.c
compiling ./enc/euc_jp.c
compiling ./enc/euc_kr.c
compiling ./enc/euc_tw.c
compiling ./enc/gb2312.c
compiling ./enc/gb18030.c
compiling ./enc/gbk.c
compiling ./enc/iso_8859_1.c
compiling ./enc/iso_8859_2.c
compiling ./enc/iso_8859_3.c
compiling ./enc/iso_8859_4.c
compiling ./enc/iso_8859_5.c
compiling ./enc/trans/cesu_8.c
compiling ./enc/iso_8859_6.c
compiling ./enc/trans/chinese.c
compiling ./enc/iso_8859_7.c
compiling ./enc/iso_8859_8.c
compiling ./enc/iso_8859_9.c
compiling ./enc/iso_8859_10.c
compiling ./enc/iso_8859_11.c
compiling ./enc/iso_8859_13.c
compiling ./enc/trans/ebcdic.c
compiling ./enc/iso_8859_14.c
compiling ./enc/trans/emoji.c
compiling ./enc/iso_8859_15.c
compiling ./enc/iso_8859_16.c
compiling ./enc/trans/emoji_iso2022_kddi.c
compiling ./enc/koi8_r.c
compiling ./enc/koi8_u.c
compiling ./enc/shift_jis.c
compiling ./enc/utf_16be.c
compiling ./enc/trans/emoji_sjis_docomo.c
compiling ./enc/utf_16le.c
compiling ./enc/utf_32be.c
compiling ./enc/utf_32le.c
compiling ./enc/windows_31j.c
compiling ./enc/trans/emoji_sjis_kddi.c
compiling ./enc/windows_1250.c
compiling ./enc/windows_1251.c
compiling ./enc/windows_1252.c
compiling ./enc/windows_1253.c
compiling ./enc/trans/emoji_sjis_softbank.c
compiling ./enc/windows_1254.c
compiling ./enc/windows_1257.c
linking encoding encdb.so
linking encoding big5.so
linking encoding cesu_8.so
compiling ./enc/trans/escape.c
linking encoding cp949.so
linking encoding emacs_mule.so
linking encoding euc_jp.so
compiling ./enc/trans/gb18030.c
linking encoding euc_kr.so
linking encoding euc_tw.so
linking encoding gb2312.so
linking encoding gb18030.so
linking encoding gbk.so
linking encoding iso_8859_1.so
linking encoding iso_8859_2.so
linking encoding iso_8859_3.so
linking encoding iso_8859_4.so
linking encoding iso_8859_5.so
linking encoding iso_8859_6.so
compiling ./enc/trans/gbk.c
linking encoding iso_8859_7.so
linking encoding iso_8859_8.so
linking encoding iso_8859_9.so
linking encoding iso_8859_10.so
linking encoding iso_8859_11.so
linking encoding iso_8859_13.so
linking encoding iso_8859_14.so
linking encoding iso_8859_15.so
linking encoding iso_8859_16.so
linking encoding koi8_r.so
linking encoding koi8_u.so
linking encoding shift_jis.so
linking encoding utf_16be.so
linking encoding utf_16le.so
linking encoding utf_32be.so
linking encoding utf_32le.so
linking encoding windows_31j.so
linking encoding windows_1250.so
compiling ./enc/trans/iso2022.c
linking encoding windows_1251.so
linking encoding windows_1252.so
linking encoding windows_1253.so
linking encoding windows_1254.so
compiling ./enc/trans/japanese.c
linking encoding windows_1257.so
make[1]: Leaving directory `/usr/local/rvm/src/ruby-3.0.0'
linking ruby
make[1]: Entering directory `/usr/local/rvm/src/ruby-3.0.0'
compiling ./enc/trans/japanese_euc.c
configuring -test-/RUBY_ALIGNOF
configuring -test-/arith_seq/extract
configuring -test-/array/resize
configuring -test-/bignum
configuring -test-/bug-14834
configuring -test-/bug-3571
configuring -test-/bug-5832
configuring -test-/bug_reporter
configuring -test-/class
configuring -test-/cxxanyargs
configuring -test-/debug
configuring -test-/dln/empty
configuring -test-/enumerator_kw
configuring -test-/exception
configuring -test-/fatal
configuring -test-/file
compiling ./enc/trans/japanese_sjis.c
configuring -test-/float
configuring -test-/funcall
configuring -test-/gvl/call_without_gvl
configuring -test-/hash
configuring -test-/integer
configuring -test-/iseq_load
configuring -test-/iter
configuring -test-/load/dot.dot
configuring -test-/load/protect
configuring -test-/marshal/compat
configuring -test-/marshal/internal_ivar
configuring -test-/marshal/usr
configuring -test-/memory_status
configuring -test-/memory_view
configuring -test-/method
configuring -test-/notimplement
configuring -test-/num2int
configuring -test-/path_to_class
configuring -test-/popen_deadlock
configuring -test-/postponed_job
configuring -test-/printf
configuring -test-/proc
configuring -test-/random
configuring -test-/rational
configuring -test-/rb_call_super_kw
configuring -test-/recursion
configuring -test-/regexp
configuring -test-/scan_args
configuring -test-/st/foreach
configuring -test-/st/numhash
configuring -test-/st/update
configuring -test-/string
configuring -test-/struct
configuring -test-/symbol
compiling ./enc/trans/korean.c
configuring -test-/thread_fd_close
configuring -test-/time
configuring -test-/tracepoint
configuring -test-/typeddata
configuring -test-/vm
configuring -test-/wait_for_single_fd
configuring bigdecimal
compiling ./enc/trans/single_byte.c
compiling ./enc/trans/utf8_mac.c
compiling ./enc/trans/utf_16_32.c
linking transcoder transdb.so
linking transcoder big5.so
linking transcoder cesu_8.so
linking transcoder chinese.so
linking transcoder ebcdic.so
linking transcoder emoji.so
linking transcoder emoji_iso2022_kddi.so
linking transcoder emoji_sjis_docomo.so
linking transcoder emoji_sjis_kddi.so
linking transcoder emoji_sjis_softbank.so
linking transcoder escape.so
linking transcoder gb18030.so
linking transcoder gbk.so
linking transcoder iso2022.so
linking transcoder japanese.so
linking transcoder japanese_euc.so
linking transcoder japanese_sjis.so
linking transcoder korean.so
linking transcoder single_byte.so
linking transcoder utf8_mac.so
linking transcoder utf_16_32.so
make[1]: Leaving directory `/usr/local/rvm/src/ruby-3.0.0'
making encs
make[1]: Entering directory `/usr/local/rvm/src/ruby-3.0.0'
make[1]: Nothing to be done for `encs'.
make[1]: Leaving directory `/usr/local/rvm/src/ruby-3.0.0'
configuring cgi/escape
configuring continuation
configuring coverage
configuring date
configuring dbm
header: db.h
library: db
configuring digest
configuring digest/bubblebabble
configuring digest/md5
configuring digest/rmd160
configuring digest/sha1
configuring digest/sha2
configuring etc
configuring fcntl
configuring fiber
configuring fiddle
libffi_version: 3.0.13
configuring gdbm
configuring io/console
configuring json
configuring json/generator
configuring json/parser
configuring monitor
configuring nkf
configuring objspace
configuring openssl
configuring io/nonblock
configuring io/wait
configuring pathname
configuring psych
configuring pty
configuring racc/cparse
configuring rbconfig/sizeof
configuring readline
configuring ripper
configuring rubyvm
configuring socket
configuring stringio
configuring strscan
configuring syslog
configuring zlib
make[1]: Leaving directory `/usr/local/rvm/src/ruby-3.0.0'
generating makefile exts.mk
exts.mk updated
make[1]: Entering directory `/usr/local/rvm/src/ruby-3.0.0'
make[2]: Entering directory `/usr/local/rvm/src/ruby-3.0.0/ext/-test-/RUBY_ALIGNOF'
make[2]: Entering directory `/usr/local/rvm/src/ruby-3.0.0/ext/-test-/arith_seq/extract'
compiling c.c
compiling extract.c
compiling cpp.cpp
linking shared-object -test-/arith_seq/extract.so
make[2]: Leaving directory `/usr/local/rvm/src/ruby-3.0.0/ext/-test-/arith_seq/extract'
make[2]: Entering directory `/usr/local/rvm/src/ruby-3.0.0/ext/-test-/array/resize'
compiling resize.c
linking shared-object -test-/RUBY_ALIGNOF.so
make[2]: Leaving directory `/usr/local/rvm/src/ruby-3.0.0/ext/-test-/RUBY_ALIGNOF'
make[2]: Entering directory `/usr/local/rvm/src/ruby-3.0.0/ext/-test-/bignum'
compiling big2str.c
linking shared-object -test-/array/resize.so
make[2]: Leaving directory `/usr/local/rvm/src/ruby-3.0.0/ext/-test-/array/resize'
make[2]: Entering directory `/usr/local/rvm/src/ruby-3.0.0/ext/-test-/bug-14834'
compiling bug-14384.c
compiling bigzero.c
linking shared-object -test-/bug_14834.so
make[2]: Leaving directory `/usr/local/rvm/src/ruby-3.0.0/ext/-test-/bug-14834'
make[2]: Entering directory `/usr/local/rvm/src/ruby-3.0.0/ext/-test-/bug-3571'
compiling bug.c
compiling div.c
linking shared-object -test-/bug_3571.so
compiling init.c
make[2]: Leaving directory `/usr/local/rvm/src/ruby-3.0.0/ext/-test-/bug-3571'
make[2]: Entering directory `/usr/local/rvm/src/ruby-3.0.0/ext/-test-/bug-5832'
compiling bug.c
compiling intpack.c
linking shared-object -test-/bug_5832.so
make[2]: Leaving directory `/usr/local/rvm/src/ruby-3.0.0/ext/-test-/bug-5832'
make[2]: Entering directory `/usr/local/rvm/src/ruby-3.0.0/ext/-test-/bug_reporter'
compiling bug_reporter.c
compiling mul.c
linking shared-object -test-/bug_reporter.so
make[2]: Leaving directory `/usr/local/rvm/src/ruby-3.0.0/ext/-test-/bug_reporter'
make[2]: Entering directory `/usr/local/rvm/src/ruby-3.0.0/ext/-test-/class'
compiling class2name.c
compiling str2big.c
compiling init.c
linking shared-object -test-/bignum.so
linking shared-object -test-/class.so
make[2]: Leaving directory `/usr/local/rvm/src/ruby-3.0.0/ext/-test-/class'
make[2]: Entering directory `/usr/local/rvm/src/ruby-3.0.0/ext/-test-/cxxanyargs'
make[2]: Leaving directory `/usr/local/rvm/src/ruby-3.0.0/ext/-test-/bignum'
compiling cxxanyargs.cpp
make[2]: Entering directory `/usr/local/rvm/src/ruby-3.0.0/ext/-test-/debug'
compiling init.c
compiling inspector.c
compiling profile_frames.c
linking shared-object -test-/debug.so
make[2]: Leaving directory `/usr/local/rvm/src/ruby-3.0.0/ext/-test-/debug'
make[2]: Entering directory `/usr/local/rvm/src/ruby-3.0.0/ext/-test-/dln/empty'
compiling empty.c
linking shared-object -test-/dln/empty.so
linking shared-object -test-/cxxanyargs.so
make[2]: Leaving directory `/usr/local/rvm/src/ruby-3.0.0/ext/-test-/dln/empty'
make[2]: Entering directory `/usr/local/rvm/src/ruby-3.0.0/ext/-test-/enumerator_kw'
compiling enumerator_kw.c
make[2]: Leaving directory `/usr/local/rvm/src/ruby-3.0.0/ext/-test-/cxxanyargs'
make[2]: Entering directory `/usr/local/rvm/src/ruby-3.0.0/ext/-test-/exception'
compiling dataerror.c
linking shared-object -test-/enumerator_kw.so
compiling enc_raise.c
make[2]: Leaving directory `/usr/local/rvm/src/ruby-3.0.0/ext/-test-/enumerator_kw'
make[2]: Entering directory `/usr/local/rvm/src/ruby-3.0.0/ext/-test-/fatal'
compiling rb_fatal.c
compiling ensured.c
linking shared-object -test-/fatal/rb_fatal.so
make[2]: Leaving directory `/usr/local/rvm/src/ruby-3.0.0/ext/-test-/fatal'
make[2]: Entering directory `/usr/local/rvm/src/ruby-3.0.0/ext/-test-/file'
compiling fs.c
compiling init.c
compiling init.c
linking shared-object -test-/exception.so
make[2]: Leaving directory `/usr/local/rvm/src/ruby-3.0.0/ext/-test-/exception'
make[2]: Entering directory `/usr/local/rvm/src/ruby-3.0.0/ext/-test-/float'
compiling init.c
compiling stat.c
compiling nextafter.c
linking shared-object -test-/file.so
make[2]: Leaving directory `/usr/local/rvm/src/ruby-3.0.0/ext/-test-/file'
make[2]: Entering directory `/usr/local/rvm/src/ruby-3.0.0/ext/-test-/funcall'
compiling funcall.c
linking shared-object -test-/float.so
make[2]: Leaving directory `/usr/local/rvm/src/ruby-3.0.0/ext/-test-/float'
make[2]: Entering directory `/usr/local/rvm/src/ruby-3.0.0/ext/-test-/gvl/call_without_gvl'
compiling call_without_gvl.c
linking shared-object -test-/funcall.so
make[2]: Leaving directory `/usr/local/rvm/src/ruby-3.0.0/ext/-test-/funcall'
make[2]: Entering directory `/usr/local/rvm/src/ruby-3.0.0/ext/-test-/hash'
compiling delete.c
linking shared-object -test-/gvl/call_without_gvl.so
make[2]: Leaving directory `/usr/local/rvm/src/ruby-3.0.0/ext/-test-/gvl/call_without_gvl'
make[2]: Entering directory `/usr/local/rvm/src/ruby-3.0.0/ext/-test-/integer'
compiling core_ext.c
compiling init.c
linking shared-object -test-/hash.so
compiling init.c
make[2]: Leaving directory `/usr/local/rvm/src/ruby-3.0.0/ext/-test-/hash'
make[2]: Entering directory `/usr/local/rvm/src/ruby-3.0.0/ext/-test-/iseq_load'
compiling iseq_load.c
compiling my_integer.c
linking shared-object -test-/iseq_load.so
make[2]: Leaving directory `/usr/local/rvm/src/ruby-3.0.0/ext/-test-/iseq_load'
make[2]: Entering directory `/usr/local/rvm/src/ruby-3.0.0/ext/-test-/iter'
compiling break.c
linking shared-object -test-/integer.so
make[2]: Leaving directory `/usr/local/rvm/src/ruby-3.0.0/ext/-test-/integer'
make[2]: Entering directory `/usr/local/rvm/src/ruby-3.0.0/ext/-test-/load/dot.dot'
compiling dot.dot.c
compiling init.c
linking shared-object -test-/load/dot.dot.so
make[2]: Leaving directory `/usr/local/rvm/src/ruby-3.0.0/ext/-test-/load/dot.dot'
make[2]: Entering directory `/usr/local/rvm/src/ruby-3.0.0/ext/-test-/load/protect'
compiling protect.c
compiling yield.c
linking shared-object -test-/load/protect.so
make[2]: Leaving directory `/usr/local/rvm/src/ruby-3.0.0/ext/-test-/load/protect'
linking shared-object -test-/iter.so
make[2]: Entering directory `/usr/local/rvm/src/ruby-3.0.0/ext/-test-/marshal/compat'
compiling usrcompat.c
make[2]: Leaving directory `/usr/local/rvm/src/ruby-3.0.0/ext/-test-/iter'
make[2]: Entering directory `/usr/local/rvm/src/ruby-3.0.0/ext/-test-/marshal/internal_ivar'
compiling internal_ivar.c
linking shared-object -test-/marshal/compat.so
make[2]: Leaving directory `/usr/local/rvm/src/ruby-3.0.0/ext/-test-/marshal/compat'
linking shared-object -test-/marshal/internal_ivar.so
make[2]: Entering directory `/usr/local/rvm/src/ruby-3.0.0/ext/-test-/marshal/usr'
compiling usrmarshal.c
make[2]: Leaving directory `/usr/local/rvm/src/ruby-3.0.0/ext/-test-/marshal/internal_ivar'
make[2]: Entering directory `/usr/local/rvm/src/ruby-3.0.0/ext/-test-/memory_status'
make[2]: Leaving directory `/usr/local/rvm/src/ruby-3.0.0/ext/-test-/memory_status'
make[2]: Entering directory `/usr/local/rvm/src/ruby-3.0.0/ext/-test-/memory_view'
compiling memory_view.c
linking shared-object -test-/marshal/usr.so
make[2]: Leaving directory `/usr/local/rvm/src/ruby-3.0.0/ext/-test-/marshal/usr'
make[2]: Entering directory `/usr/local/rvm/src/ruby-3.0.0/ext/-test-/method'
compiling arity.c
compiling init.c
linking shared-object -test-/memory_view.so
linking shared-object -test-/method.so
make[2]: Leaving directory `/usr/local/rvm/src/ruby-3.0.0/ext/-test-/memory_view'
make[2]: Entering directory `/usr/local/rvm/src/ruby-3.0.0/ext/-test-/notimplement'
compiling bug.c
make[2]: Leaving directory `/usr/local/rvm/src/ruby-3.0.0/ext/-test-/method'
make[2]: Entering directory `/usr/local/rvm/src/ruby-3.0.0/ext/-test-/num2int'
compiling num2int.c
linking shared-object -test-/notimplement.so
make[2]: Leaving directory `/usr/local/rvm/src/ruby-3.0.0/ext/-test-/notimplement'
make[2]: Entering directory `/usr/local/rvm/src/ruby-3.0.0/ext/-test-/path_to_class'
compiling path_to_class.c
linking shared-object -test-/num2int.so
make[2]: Leaving directory `/usr/local/rvm/src/ruby-3.0.0/ext/-test-/num2int'
make[2]: Entering directory `/usr/local/rvm/src/ruby-3.0.0/ext/-test-/popen_deadlock'
compiling infinite_loop_dlsym.c
linking shared-object -test-/path_to_class.so
make[2]: Leaving directory `/usr/local/rvm/src/ruby-3.0.0/ext/-test-/path_to_class'
make[2]: Entering directory `/usr/local/rvm/src/ruby-3.0.0/ext/-test-/postponed_job'
compiling postponed_job.c
linking shared-object -test-/popen_deadlock/infinite_loop_dlsym.so
make[2]: Leaving directory `/usr/local/rvm/src/ruby-3.0.0/ext/-test-/popen_deadlock'
make[2]: Entering directory `/usr/local/rvm/src/ruby-3.0.0/ext/-test-/printf'
compiling printf.c
linking shared-object -test-/postponed_job.so
make[2]: Leaving directory `/usr/local/rvm/src/ruby-3.0.0/ext/-test-/postponed_job'
make[2]: Entering directory `/usr/local/rvm/src/ruby-3.0.0/ext/-test-/proc'
compiling init.c
compiling receiver.c
linking shared-object -test-/printf.so
make[2]: Leaving directory `/usr/local/rvm/src/ruby-3.0.0/ext/-test-/printf'
make[2]: Entering directory `/usr/local/rvm/src/ruby-3.0.0/ext/-test-/random'
compiling init.c
compiling super.c
compiling loop.c
linking shared-object -test-/proc.so
make[2]: Leaving directory `/usr/local/rvm/src/ruby-3.0.0/ext/-test-/proc'
make[2]: Entering directory `/usr/local/rvm/src/ruby-3.0.0/ext/-test-/rational'
compiling rat.c
linking shared-object -test-/random.so
make[2]: Leaving directory `/usr/local/rvm/src/ruby-3.0.0/ext/-test-/random'
make[2]: Entering directory `/usr/local/rvm/src/ruby-3.0.0/ext/-test-/rb_call_super_kw'
compiling rb_call_super_kw.c
linking shared-object -test-/rational.so
make[2]: Leaving directory `/usr/local/rvm/src/ruby-3.0.0/ext/-test-/rational'
make[2]: Entering directory `/usr/local/rvm/src/ruby-3.0.0/ext/-test-/recursion'
compiling recursion.c
linking shared-object -test-/rb_call_super_kw.so
make[2]: Leaving directory `/usr/local/rvm/src/ruby-3.0.0/ext/-test-/rb_call_super_kw'
make[2]: Entering directory `/usr/local/rvm/src/ruby-3.0.0/ext/-test-/regexp'
compiling init.c
linking shared-object -test-/recursion.so
make[2]: Leaving directory `/usr/local/rvm/src/ruby-3.0.0/ext/-test-/recursion'
make[2]: Entering directory `/usr/local/rvm/src/ruby-3.0.0/ext/-test-/scan_args'
compiling scan_args.c
compiling parse_depth_limit.c
linking shared-object -test-/regexp.so
make[2]: Leaving directory `/usr/local/rvm/src/ruby-3.0.0/ext/-test-/regexp'
make[2]: Entering directory `/usr/local/rvm/src/ruby-3.0.0/ext/-test-/st/foreach'
compiling foreach.c
linking shared-object -test-/scan_args.so
make[2]: Leaving directory `/usr/local/rvm/src/ruby-3.0.0/ext/-test-/scan_args'
make[2]: Entering directory `/usr/local/rvm/src/ruby-3.0.0/ext/-test-/st/numhash'
compiling numhash.c
linking shared-object -test-/st/foreach.so
make[2]: Leaving directory `/usr/local/rvm/src/ruby-3.0.0/ext/-test-/st/foreach'
make[2]: Entering directory `/usr/local/rvm/src/ruby-3.0.0/ext/-test-/st/update'
compiling update.c
linking shared-object -test-/st/numhash.so
make[2]: Leaving directory `/usr/local/rvm/src/ruby-3.0.0/ext/-test-/st/numhash'
make[2]: Entering directory `/usr/local/rvm/src/ruby-3.0.0/ext/-test-/string'
compiling capacity.c
linking shared-object -test-/st/update.so
make[2]: Leaving directory `/usr/local/rvm/src/ruby-3.0.0/ext/-test-/st/update'
make[2]: Entering directory `/usr/local/rvm/src/ruby-3.0.0/ext/-test-/struct'
compiling duplicate.c
compiling coderange.c
compiling init.c
compiling cstr.c
compiling len.c
compiling member.c
compiling ellipsize.c
linking shared-object -test-/struct.so
compiling enc_associate.c
make[2]: Leaving directory `/usr/local/rvm/src/ruby-3.0.0/ext/-test-/struct'
make[2]: Entering directory `/usr/local/rvm/src/ruby-3.0.0/ext/-test-/symbol'
compiling init.c
compiling enc_str_buf_cat.c
compiling type.c
compiling fstring.c
linking shared-object -test-/symbol.so
make[2]: Leaving directory `/usr/local/rvm/src/ruby-3.0.0/ext/-test-/symbol'
make[2]: Entering directory `/usr/local/rvm/src/ruby-3.0.0/ext/-test-/thread_fd_close'
compiling thread_fd_close.c
compiling init.c
linking shared-object -test-/thread_fd_close.so
compiling modify.c
make[2]: Leaving directory `/usr/local/rvm/src/ruby-3.0.0/ext/-test-/thread_fd_close'
make[2]: Entering directory `/usr/local/rvm/src/ruby-3.0.0/ext/-test-/time'
compiling init.c
compiling new.c
compiling leap_second.c
compiling nofree.c
compiling new.c
compiling normalize.c
linking shared-object -test-/time.so
compiling qsort.c
make[2]: Leaving directory `/usr/local/rvm/src/ruby-3.0.0/ext/-test-/time'
compiling rb_interned_str.c
compiling rb_str_dup.c
compiling set_len.c
make[2]: Entering directory `/usr/local/rvm/src/ruby-3.0.0/ext/-test-/tracepoint'
compiling gc_hook.c
linking shared-object -test-/string.so
compiling tracepoint.c
make[2]: Leaving directory `/usr/local/rvm/src/ruby-3.0.0/ext/-test-/string'
make[2]: Entering directory `/usr/local/rvm/src/ruby-3.0.0/ext/-test-/typeddata'
compiling typeddata.c
linking shared-object -test-/tracepoint.so
make[2]: Leaving directory `/usr/local/rvm/src/ruby-3.0.0/ext/-test-/tracepoint'
make[2]: Entering directory `/usr/local/rvm/src/ruby-3.0.0/ext/-test-/vm'
compiling at_exit.c
linking shared-object -test-/typeddata.so
make[2]: Leaving directory `/usr/local/rvm/src/ruby-3.0.0/ext/-test-/typeddata'
make[2]: Entering directory `/usr/local/rvm/src/ruby-3.0.0/ext/-test-/wait_for_single_fd'
compiling wait_for_single_fd.c
linking shared-object -test-/vm/at_exit.so
make[2]: Leaving directory `/usr/local/rvm/src/ruby-3.0.0/ext/-test-/vm'
make[2]: Entering directory `/usr/local/rvm/src/ruby-3.0.0/ext/bigdecimal'
compiling bigdecimal.c
linking shared-object -test-/wait_for_single_fd.so
make[2]: Leaving directory `/usr/local/rvm/src/ruby-3.0.0/ext/-test-/wait_for_single_fd'
make[2]: Entering directory `/usr/local/rvm/src/ruby-3.0.0/ext/cgi/escape'
compiling escape.c
linking shared-object cgi/escape.so
make[2]: Leaving directory `/usr/local/rvm/src/ruby-3.0.0/ext/cgi/escape'
installing default bigdecimal libraries
make[2]: Entering directory `/usr/local/rvm/src/ruby-3.0.0/ext/continuation'
compiling continuation.c
linking shared-object continuation.so
make[2]: Leaving directory `/usr/local/rvm/src/ruby-3.0.0/ext/continuation'
make[2]: Entering directory `/usr/local/rvm/src/ruby-3.0.0/ext/coverage'
compiling coverage.c
installing default coverage libraries
linking shared-object coverage.so
make[2]: Leaving directory `/usr/local/rvm/src/ruby-3.0.0/ext/coverage'
make[2]: Entering directory `/usr/local/rvm/src/ruby-3.0.0/ext/date'
compiling date_core.c
linking shared-object bigdecimal.so
make[2]: Leaving directory `/usr/local/rvm/src/ruby-3.0.0/ext/bigdecimal'
make[2]: Entering directory `/usr/local/rvm/src/ruby-3.0.0/ext/dbm'
compiling dbm.c
linking shared-object dbm.so
make[2]: Leaving directory `/usr/local/rvm/src/ruby-3.0.0/ext/dbm'
make[2]: Entering directory `/usr/local/rvm/src/ruby-3.0.0/ext/digest'
compiling digest.c
installing default digest libraries
linking shared-object digest.so
installing digest libraries
make[2]: Leaving directory `/usr/local/rvm/src/ruby-3.0.0/ext/digest'
make[2]: Entering directory `/usr/local/rvm/src/ruby-3.0.0/ext/etc'
compiling etc.c
linking shared-object etc.so
make[2]: Leaving directory `/usr/local/rvm/src/ruby-3.0.0/ext/etc'
make[2]: Entering directory `/usr/local/rvm/src/ruby-3.0.0/ext/fcntl'
compiling fcntl.c
linking shared-object fcntl.so
make[2]: Leaving directory `/usr/local/rvm/src/ruby-3.0.0/ext/fcntl'
make[2]: Entering directory `/usr/local/rvm/src/ruby-3.0.0/ext/fiber'
compiling fiber.c
linking shared-object fiber.so
make[2]: Leaving directory `/usr/local/rvm/src/ruby-3.0.0/ext/fiber'
make[2]: Entering directory `/usr/local/rvm/src/ruby-3.0.0/ext/fiddle'
compiling closure.c
compiling date_parse.c
compiling conversions.c
compiling fiddle.c
compiling function.c
compiling handle.c
compiling memory_view.c
compiling pinned.c
compiling pointer.c
linking shared-object fiddle.so
installing default fiddle libraries
make[2]: Leaving directory `/usr/local/rvm/src/ruby-3.0.0/ext/fiddle'
make[2]: Entering directory `/usr/local/rvm/src/ruby-3.0.0/ext/gdbm'
compiling gdbm.c
compiling date_strftime.c
linking shared-object gdbm.so
make[2]: Leaving directory `/usr/local/rvm/src/ruby-3.0.0/ext/gdbm'
make[2]: Entering directory `/usr/local/rvm/src/ruby-3.0.0/ext/io/console'
compiling console.c
compiling date_strptime.c
linking shared-object io/console.so
installing default console libraries
make[2]: Leaving directory `/usr/local/rvm/src/ruby-3.0.0/ext/io/console'
make[2]: Entering directory `/usr/local/rvm/src/ruby-3.0.0/ext/io/nonblock'
compiling nonblock.c
linking shared-object io/nonblock.so
make[2]: Leaving directory `/usr/local/rvm/src/ruby-3.0.0/ext/io/nonblock'
make[2]: Entering directory `/usr/local/rvm/src/ruby-3.0.0/ext/io/wait'
compiling wait.c
installing default date_core libraries
linking shared-object date_core.so
linking shared-object io/wait.so
make[2]: Leaving directory `/usr/local/rvm/src/ruby-3.0.0/ext/io/wait'
make[2]: Entering directory `/usr/local/rvm/src/ruby-3.0.0/ext/json'
make[2]: Leaving directory `/usr/local/rvm/src/ruby-3.0.0/ext/date'
make[2]: Leaving directory `/usr/local/rvm/src/ruby-3.0.0/ext/json'
make[2]: Entering directory `/usr/local/rvm/src/ruby-3.0.0/ext/monitor'
compiling monitor.c
make[2]: Entering directory `/usr/local/rvm/src/ruby-3.0.0/ext/nkf'
compiling nkf.c
installing default monitor libraries
linking shared-object monitor.so
make[2]: Leaving directory `/usr/local/rvm/src/ruby-3.0.0/ext/monitor'
make[2]: Entering directory `/usr/local/rvm/src/ruby-3.0.0/ext/objspace'
compiling object_tracing.c
compiling objspace.c
compiling objspace_dump.c
installing default objspace libraries
linking shared-object objspace.so
make[2]: Leaving directory `/usr/local/rvm/src/ruby-3.0.0/ext/objspace'
make[2]: Entering directory `/usr/local/rvm/src/ruby-3.0.0/ext/openssl'
compiling openssl_missing.c
compiling ossl.c
compiling ossl_asn1.c
installing default nkf libraries
linking shared-object nkf.so
make[2]: Leaving directory `/usr/local/rvm/src/ruby-3.0.0/ext/nkf'
make[2]: Entering directory `/usr/local/rvm/src/ruby-3.0.0/ext/pathname'
compiling pathname.c
installing default pathname libraries
linking shared-object pathname.so
make[2]: Leaving directory `/usr/local/rvm/src/ruby-3.0.0/ext/pathname'
make[2]: Entering directory `/usr/local/rvm/src/ruby-3.0.0/ext/psych'
compiling ../.././ext/psych/yaml/api.c
compiling ossl_bio.c
compiling ossl_bn.c
compiling ../.././ext/psych/yaml/dumper.c
compiling ../.././ext/psych/yaml/emitter.c
compiling ossl_cipher.c
compiling ossl_config.c
compiling ossl_digest.c
compiling ../.././ext/psych/yaml/loader.c
compiling ossl_engine.c
compiling ../.././ext/psych/yaml/parser.c
compiling ossl_hmac.c
compiling psych.c
compiling psych_emitter.c
compiling ossl_kdf.c
compiling psych_parser.c
compiling ossl_ns_spki.c
compiling psych_to_ruby.c
compiling psych_yaml_tree.c
compiling ossl_ocsp.c
compiling ../.././ext/psych/yaml/reader.c
compiling ../.././ext/psych/yaml/scanner.c
compiling ossl_pkcs12.c
compiling ossl_pkcs7.c
compiling ossl_pkey.c
compiling ../.././ext/psych/yaml/writer.c
linking shared-object psych.so
compiling ossl_pkey_dh.c
make[2]: Leaving directory `/usr/local/rvm/src/ruby-3.0.0/ext/psych'
make[2]: Entering directory `/usr/local/rvm/src/ruby-3.0.0/ext/pty'
compiling pty.c
installing default pty libraries
linking shared-object pty.so
make[2]: Leaving directory `/usr/local/rvm/src/ruby-3.0.0/ext/pty'
make[2]: Entering directory `/usr/local/rvm/src/ruby-3.0.0/ext/racc/cparse'
compiling cparse.c
compiling ossl_pkey_dsa.c
linking shared-object racc/cparse.so
make[2]: Leaving directory `/usr/local/rvm/src/ruby-3.0.0/ext/racc/cparse'
make[2]: Entering directory `/usr/local/rvm/src/ruby-3.0.0/ext/rbconfig/sizeof'
compiling sizes.c
compiling ossl_pkey_ec.c
compiling limits.c
linking shared-object rbconfig/sizeof.so
make[2]: Leaving directory `/usr/local/rvm/src/ruby-3.0.0/ext/rbconfig/sizeof'
make[2]: Entering directory `/usr/local/rvm/src/ruby-3.0.0/ext/readline'
compiling readline.c
compiling ossl_pkey_rsa.c
linking shared-object readline.so
make[2]: Leaving directory `/usr/local/rvm/src/ruby-3.0.0/ext/readline'
make[2]: Entering directory `/usr/local/rvm/src/ruby-3.0.0/ext/ripper'
compiling ripper.c
compiling ossl_rand.c
compiling ossl_ssl.c
compiling ossl_ssl_session.c
compiling ossl_ts.c
compiling ossl_x509.c
compiling ossl_x509attr.c
compiling ossl_x509cert.c
compiling ossl_x509crl.c
compiling ossl_x509ext.c
compiling ossl_x509name.c
compiling ossl_x509req.c
compiling ossl_x509revoked.c
compiling ossl_x509store.c
linking shared-object openssl.so
checking ../.././parse.y and ../.././ext/ripper/eventids2.c
linking shared-object ripper.so
installing default ripper libraries
make[2]: Leaving directory `/usr/local/rvm/src/ruby-3.0.0/ext/ripper'
make[2]: Entering directory `/usr/local/rvm/src/ruby-3.0.0/ext/rubyvm'
installing default libraries
make[2]: Leaving directory `/usr/local/rvm/src/ruby-3.0.0/ext/rubyvm'
make[2]: Entering directory `/usr/local/rvm/src/ruby-3.0.0/ext/socket'
compiling init.c
installing default openssl libraries
make[2]: Leaving directory `/usr/local/rvm/src/ruby-3.0.0/ext/openssl'
make[2]: Entering directory `/usr/local/rvm/src/ruby-3.0.0/ext/stringio'
compiling stringio.c
compiling constants.c
linking shared-object stringio.so
make[2]: Leaving directory `/usr/local/rvm/src/ruby-3.0.0/ext/stringio'
make[2]: Entering directory `/usr/local/rvm/src/ruby-3.0.0/ext/strscan'
compiling strscan.c
compiling basicsocket.c
linking shared-object strscan.so
make[2]: Leaving directory `/usr/local/rvm/src/ruby-3.0.0/ext/strscan'
make[2]: Entering directory `/usr/local/rvm/src/ruby-3.0.0/ext/syslog'
compiling syslog.c
compiling socket.c
linking shared-object syslog.so
installing default syslog libraries
make[2]: Leaving directory `/usr/local/rvm/src/ruby-3.0.0/ext/syslog'
make[2]: Entering directory `/usr/local/rvm/src/ruby-3.0.0/ext/zlib'
compiling zlib.c
compiling ipsocket.c
compiling tcpsocket.c
compiling tcpserver.c
compiling sockssocket.c
compiling udpsocket.c
compiling unixsocket.c
compiling unixserver.c
compiling option.c
linking shared-object zlib.so
make[2]: Leaving directory `/usr/local/rvm/src/ruby-3.0.0/ext/zlib'
make[2]: Entering directory `/usr/local/rvm/src/ruby-3.0.0/ext/digest/bubblebabble'
compiling bubblebabble.c
linking shared-object digest/bubblebabble.so
make[2]: Leaving directory `/usr/local/rvm/src/ruby-3.0.0/ext/digest/bubblebabble'
make[2]: Entering directory `/usr/local/rvm/src/ruby-3.0.0/ext/digest/md5'
compiling md5init.c
compiling ancdata.c
compiling md5.c
linking shared-object digest/md5.so
make[2]: Leaving directory `/usr/local/rvm/src/ruby-3.0.0/ext/digest/md5'
make[2]: Entering directory `/usr/local/rvm/src/ruby-3.0.0/ext/digest/rmd160'
compiling rmd160init.c
compiling rmd160.c
linking shared-object digest/rmd160.so
compiling raddrinfo.c
make[2]: Leaving directory `/usr/local/rvm/src/ruby-3.0.0/ext/digest/rmd160'
make[2]: Entering directory `/usr/local/rvm/src/ruby-3.0.0/ext/digest/sha1'
compiling sha1init.c
compiling sha1.c
linking shared-object digest/sha1.so
make[2]: Leaving directory `/usr/local/rvm/src/ruby-3.0.0/ext/digest/sha1'
make[2]: Entering directory `/usr/local/rvm/src/ruby-3.0.0/ext/digest/sha2'
compiling sha2init.c
compiling sha2.c
compiling ifaddr.c
linking shared-object digest/sha2.so
installing default sha2 libraries
make[2]: Leaving directory `/usr/local/rvm/src/ruby-3.0.0/ext/digest/sha2'
make[2]: Entering directory `/usr/local/rvm/src/ruby-3.0.0/ext/json/generator'
compiling generator.c
installing default socket libraries
linking shared-object socket.so
make[2]: Leaving directory `/usr/local/rvm/src/ruby-3.0.0/ext/socket'
make[2]: Entering directory `/usr/local/rvm/src/ruby-3.0.0/ext/json/parser'
compiling parser.c
linking shared-object json/ext/parser.so
linking shared-object json/ext/generator.so
make[2]: Leaving directory `/usr/local/rvm/src/ruby-3.0.0/ext/json/parser'
make[2]: Leaving directory `/usr/local/rvm/src/ruby-3.0.0/ext/json/generator'
make[2]: Entering directory `/usr/local/rvm/src/ruby-3.0.0'
./revision.h unchanged
make[2]: Leaving directory `/usr/local/rvm/src/ruby-3.0.0'
make[1]: Leaving directory `/usr/local/rvm/src/ruby-3.0.0'
make[1]: Entering directory `/usr/local/rvm/src/ruby-3.0.0'
make[1]: Nothing to be done for `note'.
make[1]: Leaving directory `/usr/local/rvm/src/ruby-3.0.0'
