[2022-12-03 10:43:43] requirements_centos_libs_install
requirements_centos_libs_install () 
{ 
    __rvm_try_sudo yum install -y "$@" || return $?
}
current path: /usr/local/rvm/src/rvm
PATH=/usr/local/php/bin:/usr/local/redis/bin:/usr/local/sbin:/usr/local/bin:/usr/sbin:/usr/bin:/usr/local/go/bin::/go/data/bin:/usr/local/ksh:/usr/local/redis/bin:/hexo/node_modules/.bin:/usr/local/jdk/bin:/root/.local/bin:/root/bin:/usr/local/rvm/bin
command(4): requirements_centos_libs_install libffi-devel readline-devel sqlite-devel
++ __rvm_try_sudo yum install -y libffi-devel readline-devel sqlite-devel
++ typeset -a command_to_run
++ typeset sudo_path sbin_path missing_paths
++ command_to_run=("$@")
++ ((  UID == 0  ))
++ yum install -y libffi-devel readline-devel sqlite-devel
Loaded plugins: fastestmirror
Repository cr is listed more than once in the configuration
Repository fasttrack is listed more than once in the configuration
Loading mirror speeds from cached hostfile
 * epel: hkg.mirror.rackspace.com
Resolving Dependencies
--> Running transaction check
---> Package libffi-devel.x86_64 0:3.0.13-19.el7 will be installed
---> Package readline-devel.x86_64 0:6.2-11.el7 will be installed
--> Processing Dependency: ncurses-devel for package: readline-devel-6.2-11.el7.x86_64
---> Package sqlite-devel.x86_64 0:3.7.17-8.el7_7.1 will be installed
--> Running transaction check
---> Package ncurses-devel.x86_64 0:5.9-14.20130511.el7_4 will be installed
--> Finished Dependency Resolution

Dependencies Resolved

================================================================================
 Package             Arch        Version                       Repository  Size
================================================================================
Installing:
 libffi-devel        x86_64      3.0.13-19.el7                 local       23 k
 readline-devel      x86_64      6.2-11.el7                    local      139 k
 sqlite-devel        x86_64      3.7.17-8.el7_7.1              local      104 k
Installing for dependencies:
 ncurses-devel       x86_64      5.9-14.20130511.el7_4         local      712 k

Transaction Summary
================================================================================
Install  3 Packages (+1 Dependent package)

Total download size: 979 k
Installed size: 2.8 M
Downloading packages:
--------------------------------------------------------------------------------
Total                                              1.7 MB/s | 979 kB  00:00     
Running transaction check
Running transaction test
Transaction test succeeded
Running transaction
  Installing : ncurses-devel-5.9-14.20130511.el7_4.x86_64                   1/4 
  Installing : readline-devel-6.2-11.el7.x86_64                             2/4 
  Installing : sqlite-devel-3.7.17-8.el7_7.1.x86_64                         3/4 
  Installing : libffi-devel-3.0.13-19.el7.x86_64                            4/4 
  Verifying  : libffi-devel-3.0.13-19.el7.x86_64                            1/4 
  Verifying  : sqlite-devel-3.7.17-8.el7_7.1.x86_64                         2/4 
  Verifying  : readline-devel-6.2-11.el7.x86_64                             3/4 
  Verifying  : ncurses-devel-5.9-14.20130511.el7_4.x86_64                   4/4 

Installed:
  libffi-devel.x86_64 0:3.0.13-19.el7      readline-devel.x86_64 0:6.2-11.el7  
  sqlite-devel.x86_64 0:3.7.17-8.el7_7.1  

Dependency Installed:
  ncurses-devel.x86_64 0:5.9-14.20130511.el7_4                                  

Complete!
