[2022-12-03 10:44:36] __rvm_post_configure_ruby
__rvm_post_configure_ruby () 
{ 
    __rvm_post_configure_ruby_fix_athlon_sse2;
    __rvm_post_configure_ruby_update_setup
}
current path: /usr/local/rvm/src/ruby-3.0.0
PATH=/usr/local/php/bin:/usr/local/redis/bin:/usr/local/sbin:/usr/local/bin:/usr/sbin:/usr/bin:/usr/local/go/bin::/go/data/bin:/usr/local/ksh:/usr/local/redis/bin:/hexo/node_modules/.bin:/usr/local/jdk/bin:/root/.local/bin:/root/bin:/usr/local/rvm/bin
command(1): __rvm_post_configure_ruby
++ __rvm_post_configure_ruby_fix_athlon_sse2
++ [[ -f /proc/cpuinfo ]]
++ [[ -f Makefile ]]
++ __rvm_grep '^XCFLAGS = .*-msse2' Makefile
++ GREP_OPTIONS=
++ command grep '^XCFLAGS = .*-msse2' Makefile
++ grep '^XCFLAGS = .*-msse2' Makefile
++ return 1
++ __rvm_post_configure_ruby_update_setup
++ typeset option
++ ((  0 == 1  ))
